# Automated GitHub Contributions Log

This file tracks all automated contributions made by the GitHub Actions workflow.

## Contributions

2025-08-30 00:00:00 UTC - Repository initialized with automated contribution setup
2025-08-29 05:38:35 UTC - Today's contribution
2025-08-29 12:18:52 UTC - Today's contribution
2025-08-30 12:17:12 UTC - Today's contribution
2025-08-31 12:17:28 UTC - Today's contribution
2025-09-01 12:20:26 UTC - Today's contribution
2025-09-02 12:20:04 UTC - Today's contribution
2025-09-03 12:19:32 UTC - Today's contribution
2025-09-04 12:19:33 UTC - Today's contribution
2025-09-05 12:18:51 UTC - Today's contribution
2025-09-06 12:16:25 UTC - Today's contribution
2025-09-07 12:16:51 UTC - Today's contribution
2025-09-08 12:20:27 UTC - Today's contribution
2025-09-09 12:20:36 UTC - Today's contribution
2025-09-10 12:18:51 UTC - Today's contribution
2025-09-11 12:18:44 UTC - Today's contribution
2025-09-12 12:19:01 UTC - Today's contribution
2025-09-13 12:16:46 UTC - Today's contribution
2025-09-14 12:16:30 UTC - Today's contribution
2025-09-15 12:19:50 UTC - Today's contribution
2025-09-16 12:19:31 UTC - Today's contribution
2025-09-17 12:19:18 UTC - Today's contribution
